This is pdfTeX, Version 3.14159265-2.6-1.40.17 (TeX Live 2016) (preloaded format=pdflatex 2017.1.2)  6 FEB 2017 15:20
entering extended mode
 restricted \write18 enabled.
 file:line:error style messages enabled.
 %&-line parsing enabled.
**capstone.tex
(./capstone.tex
LaTeX2e <2016/03/31>
Babel <3.9r> and hyphenation patterns for 83 language(s) loaded.
(/usr/local/texlive/2016/texmf-dist/tex/latex/base/article.cls
Document Class: article 2014/09/29 v1.4h Standard LaTeX document class
(/usr/local/texlive/2016/texmf-dist/tex/latex/base/size11.clo
File: size11.clo 2014/09/29 v1.4h Standard LaTeX file (size option)
)
\c@part=\count79
\c@section=\count80
\c@subsection=\count81
\c@subsubsection=\count82
\c@paragraph=\count83
\c@subparagraph=\count84
\c@figure=\count85
\c@table=\count86
\abovecaptionskip=\skip41
\belowcaptionskip=\skip42
\bibindent=\dimen102
)
(/usr/local/texlive/2016/texmf-dist/tex/latex/geometry/geometry.sty
Package: geometry 2010/09/12 v5.6 Page Geometry

(/usr/local/texlive/2016/texmf-dist/tex/latex/graphics/keyval.sty
Package: keyval 2014/10/28 v1.15 key=value parser (DPC)
\KV@toks@=\toks14
)
(/usr/local/texlive/2016/texmf-dist/tex/generic/oberdiek/ifpdf.sty
Package: ifpdf 2016/05/14 v3.1 Provides the ifpdf switch
)
(/usr/local/texlive/2016/texmf-dist/tex/generic/oberdiek/ifvtex.sty
Package: ifvtex 2016/05/16 v1.6 Detect VTeX and its facilities (HO)
Package ifvtex Info: VTeX not detected.
)
(/usr/local/texlive/2016/texmf-dist/tex/generic/ifxetex/ifxetex.sty
Package: ifxetex 2010/09/12 v0.6 Provides ifxetex conditional
)
\Gm@cnth=\count87
\Gm@cntv=\count88
\c@Gm@tempcnt=\count89
\Gm@bindingoffset=\dimen103
\Gm@wd@mp=\dimen104
\Gm@odd@mp=\dimen105
\Gm@even@mp=\dimen106
\Gm@layoutwidth=\dimen107
\Gm@layoutheight=\dimen108
\Gm@layouthoffset=\dimen109
\Gm@layoutvoffset=\dimen110
\Gm@dimlist=\toks15
)
(/usr/local/texlive/2016/texmf-dist/tex/latex/graphics/graphicx.sty
Package: graphicx 2014/10/28 v1.0g Enhanced LaTeX Graphics (DPC,SPQR)

(/usr/local/texlive/2016/texmf-dist/tex/latex/graphics/graphics.sty
Package: graphics 2016/05/09 v1.0r Standard LaTeX Graphics (DPC,SPQR)

(/usr/local/texlive/2016/texmf-dist/tex/latex/graphics/trig.sty
Package: trig 2016/01/03 v1.10 sin cos tan (DPC)
)
(/usr/local/texlive/2016/texmf-dist/tex/latex/graphics-cfg/graphics.cfg
File: graphics.cfg 2016/01/02 v1.10 sample graphics configuration
)
Package graphics Info: Driver file: pdftex.def on input line 96.

(/usr/local/texlive/2016/texmf-dist/tex/latex/pdftex-def/pdftex.def
File: pdftex.def 2011/05/27 v0.06d Graphics/color for pdfTeX

(/usr/local/texlive/2016/texmf-dist/tex/generic/oberdiek/infwarerr.sty
Package: infwarerr 2016/05/16 v1.4 Providing info/warning/error messages (HO)
)
(/usr/local/texlive/2016/texmf-dist/tex/generic/oberdiek/ltxcmds.sty
Package: ltxcmds 2016/05/16 v1.23 LaTeX kernel commands for general use (HO)
)
\Gread@gobject=\count90
))
\Gin@req@height=\dimen111
\Gin@req@width=\dimen112
)
(/usr/local/texlive/2016/texmf-dist/tex/latex/caption/caption.sty
Package: caption 2016/02/21 v3.3-144 Customizing captions (AR)

(/usr/local/texlive/2016/texmf-dist/tex/latex/caption/caption3.sty
Package: caption3 2016/02/04 v1.7-139 caption3 kernel (AR)
Package caption3 Info: TeX engine: e-TeX on input line 67.
\captionmargin=\dimen113
\captionmargin@=\dimen114
\captionwidth=\dimen115
\caption@tempdima=\dimen116
\caption@indent=\dimen117
\caption@parindent=\dimen118
\caption@hangindent=\dimen119
)
\c@ContinuedFloat=\count91
)
(/usr/local/texlive/2016/texmf-dist/tex/latex/caption/subcaption.sty
Package: subcaption 2016/02/20 v1.1-142 Sub-captions (AR)
\c@subfigure=\count92
\c@subtable=\count93
)
(/usr/local/texlive/2016/texmf-dist/tex/latex/amsfonts/amssymb.sty
Package: amssymb 2013/01/14 v3.01 AMS font symbols

(/usr/local/texlive/2016/texmf-dist/tex/latex/amsfonts/amsfonts.sty
Package: amsfonts 2013/01/14 v3.01 Basic AMSFonts support
\@emptytoks=\toks16
\symAMSa=\mathgroup4
\symAMSb=\mathgroup5
LaTeX Font Info:    Overwriting math alphabet `\mathfrak' in version `bold'
(Font)                  U/euf/m/n --> U/euf/b/n on input line 106.
))
(/usr/local/texlive/2016/texmf-dist/tex/latex/eqnarray/eqnarray.sty
equationarray 1.3 <December 1, 2010>
Package: eqnarray 
(/usr/local/texlive/2016/texmf-dist/tex/latex/tools/array.sty
Package: array 2014/10/28 v2.4c Tabular extension package (FMi)
\col@sep=\dimen120
\extrarowheight=\dimen121
\NC@list=\toks17
\extratabsurround=\skip43
\backup@length=\skip44
)
\@eqargcnt=\count94
)
(/usr/local/texlive/2016/texmf-dist/tex/latex/amsmath/amsmath.sty
Package: amsmath 2016/03/10 v2.15b AMS math features
\@mathmargin=\skip45

For additional information on amsmath, use the `?' option.
(/usr/local/texlive/2016/texmf-dist/tex/latex/amsmath/amstext.sty
Package: amstext 2000/06/29 v2.01 AMS text

(/usr/local/texlive/2016/texmf-dist/tex/latex/amsmath/amsgen.sty
File: amsgen.sty 1999/11/30 v2.0 generic functions
\@emptytoks=\toks18
\ex@=\dimen122
))
(/usr/local/texlive/2016/texmf-dist/tex/latex/amsmath/amsbsy.sty
Package: amsbsy 1999/11/29 v1.2d Bold Symbols
\pmbraise@=\dimen123
)
(/usr/local/texlive/2016/texmf-dist/tex/latex/amsmath/amsopn.sty
Package: amsopn 2016/03/08 v2.02 operator names
)
\inf@bad=\count95
LaTeX Info: Redefining \frac on input line 199.
\uproot@=\count96
\leftroot@=\count97
LaTeX Info: Redefining \overline on input line 297.
\classnum@=\count98
\DOTSCASE@=\count99
LaTeX Info: Redefining \ldots on input line 394.
LaTeX Info: Redefining \dots on input line 397.
LaTeX Info: Redefining \cdots on input line 518.
\Mathstrutbox@=\box26
\strutbox@=\box27
\big@size=\dimen124
LaTeX Font Info:    Redeclaring font encoding OML on input line 634.
LaTeX Font Info:    Redeclaring font encoding OMS on input line 635.
\macc@depth=\count100
\c@MaxMatrixCols=\count101
\dotsspace@=\muskip10
\c@parentequation=\count102
\dspbrk@lvl=\count103
\tag@help=\toks19
\row@=\count104
\column@=\count105
\maxfields@=\count106
\andhelp@=\toks20
\eqnshift@=\dimen125
\alignsep@=\dimen126
\tagshift@=\dimen127
\tagwidth@=\dimen128
\totwidth@=\dimen129
\lineht@=\dimen130
\@envbody=\toks21
\multlinegap=\skip46
\multlinetaggap=\skip47
\mathdisplay@stack=\toks22
LaTeX Info: Redefining \[ on input line 2739.
LaTeX Info: Redefining \] on input line 2740.
)
(/usr/local/texlive/2016/texmf-dist/tex/latex/multirow/multirow.sty
\bigstrutjot=\dimen131
)
(/usr/local/texlive/2016/texmf-dist/tex/latex/marvosym/marvosym.sty
Package: marvosym 2011/07/20 v2.2 Martin Vogel's Symbols font definitions
)
(/usr/local/texlive/2016/texmf-dist/tex/latex/schulschriften/wesu.sty)
(/usr/local/texlive/2016/texmf-dist/tex/latex/base/fontenc.sty
Package: fontenc 2005/09/27 v1.99g Standard LaTeX package

(/usr/local/texlive/2016/texmf-dist/tex/latex/base/t1enc.def
File: t1enc.def 2005/09/27 v1.99g Standard LaTeX file
LaTeX Font Info:    Redeclaring font encoding T1 on input line 48.
))
(/usr/local/texlive/2016/texmf-dist/tex/latex/fundus-calligra/calligra.sty
Package: calligra 2012/04/10 v1.9 LaTeX package calligra
)
(/usr/local/texlive/2016/texmf-dist/tex/latex/base/fontenc.sty
Package: fontenc 2005/09/27 v1.99g Standard LaTeX package

(/usr/local/texlive/2016/texmf-dist/tex/latex/base/t1enc.def
File: t1enc.def 2005/09/27 v1.99g Standard LaTeX file
LaTeX Font Info:    Redeclaring font encoding T1 on input line 48.
)) (./capstone.aux

LaTeX Warning: Label `fig:test' multiply defined.

)
\openout1 = `capstone.aux'.

LaTeX Font Info:    Checking defaults for OML/cmm/m/it on input line 30.
LaTeX Font Info:    ... okay on input line 30.
LaTeX Font Info:    Checking defaults for T1/cmr/m/n on input line 30.
LaTeX Font Info:    ... okay on input line 30.
LaTeX Font Info:    Checking defaults for OT1/cmr/m/n on input line 30.
LaTeX Font Info:    ... okay on input line 30.
LaTeX Font Info:    Checking defaults for OMS/cmsy/m/n on input line 30.
LaTeX Font Info:    ... okay on input line 30.
LaTeX Font Info:    Checking defaults for OMX/cmex/m/n on input line 30.
LaTeX Font Info:    ... okay on input line 30.
LaTeX Font Info:    Checking defaults for U/cmr/m/n on input line 30.
LaTeX Font Info:    ... okay on input line 30.

*geometry* driver: auto-detecting
*geometry* detected driver: pdftex
*geometry* verbose mode - [ preamble ] result:
* driver: pdftex
* paper: letterpaper
* layout: <same size as paper>
* layoutoffset:(h,v)=(0.0pt,0.0pt)
* modes: 
* h-part:(L,W,R)=(92.14519pt, 430.00462pt, 92.14519pt)
* v-part:(T,H,B)=(95.39737pt, 556.47656pt, 143.09605pt)
* \paperwidth=614.295pt
* \paperheight=794.96999pt
* \textwidth=430.00462pt
* \textheight=556.47656pt
* \oddsidemargin=19.8752pt
* \evensidemargin=19.8752pt
* \topmargin=-13.87262pt
* \headheight=12.0pt
* \headsep=25.0pt
* \topskip=11.0pt
* \footskip=30.0pt
* \marginparwidth=59.0pt
* \marginparsep=10.0pt
* \columnsep=10.0pt
* \skip\footins=10.0pt plus 4.0pt minus 2.0pt
* \hoffset=0.0pt
* \voffset=0.0pt
* \mag=1000
* \@twocolumnfalse
* \@twosidefalse
* \@mparswitchfalse
* \@reversemarginfalse
* (1in=72.27pt=25.4mm, 1cm=28.453pt)

(/usr/local/texlive/2016/texmf-dist/tex/context/base/mkii/supp-pdf.mkii
[Loading MPS to PDF converter (version 2006.09.02).]
\scratchcounter=\count107
\scratchdimen=\dimen132
\scratchbox=\box28
\nofMPsegments=\count108
\nofMParguments=\count109
\everyMPshowfont=\toks23
\MPscratchCnt=\count110
\MPscratchDim=\dimen133
\MPnumerator=\count111
\makeMPintoPDFobject=\count112
\everyMPtoPDFconversion=\toks24
) (/usr/local/texlive/2016/texmf-dist/tex/generic/oberdiek/pdftexcmds.sty
Package: pdftexcmds 2016/05/10 v0.21 Utility functions of pdfTeX for LuaTeX (HO
)

(/usr/local/texlive/2016/texmf-dist/tex/generic/oberdiek/ifluatex.sty
Package: ifluatex 2016/05/16 v1.4 Provides the ifluatex switch (HO)
Package ifluatex Info: LuaTeX not detected.
)
Package pdftexcmds Info: LuaTeX not detected.
Package pdftexcmds Info: \pdf@primitive is available.
Package pdftexcmds Info: \pdf@ifprimitive is available.
Package pdftexcmds Info: \pdfdraftmode found.
)
(/usr/local/texlive/2016/texmf-dist/tex/latex/oberdiek/epstopdf-base.sty
Package: epstopdf-base 2016/05/15 v2.6 Base part for package epstopdf

(/usr/local/texlive/2016/texmf-dist/tex/latex/oberdiek/grfext.sty
Package: grfext 2016/05/16 v1.2 Manage graphics extensions (HO)

(/usr/local/texlive/2016/texmf-dist/tex/generic/oberdiek/kvdefinekeys.sty
Package: kvdefinekeys 2016/05/16 v1.4 Define keys (HO)
))
(/usr/local/texlive/2016/texmf-dist/tex/latex/oberdiek/kvoptions.sty
Package: kvoptions 2016/05/16 v3.12 Key value format for package options (HO)

(/usr/local/texlive/2016/texmf-dist/tex/generic/oberdiek/kvsetkeys.sty
Package: kvsetkeys 2016/05/16 v1.17 Key value parser (HO)

(/usr/local/texlive/2016/texmf-dist/tex/generic/oberdiek/etexcmds.sty
Package: etexcmds 2016/05/16 v1.6 Avoid name clashes with e-TeX commands (HO)
Package etexcmds Info: Could not find \expanded.
(etexcmds)             That can mean that you are not using pdfTeX 1.50 or
(etexcmds)             that some package has redefined \expanded.
(etexcmds)             In the latter case, load this package earlier.
)))
Package grfext Info: Graphics extension search list:
(grfext)             [.png,.pdf,.jpg,.mps,.jpeg,.jbig2,.jb2,.PNG,.PDF,.JPG,.JPE
G,.JBIG2,.JB2,.eps]
(grfext)             \AppendGraphicsExtensions on input line 456.

(/usr/local/texlive/2016/texmf-dist/tex/latex/latexconfig/epstopdf-sys.cfg
File: epstopdf-sys.cfg 2010/07/13 v1.3 Configuration of (r)epstopdf for TeX Liv
e
))
Package caption Info: Begin \AtBeginDocument code.
Package caption Info: End \AtBeginDocument code.
LaTeX Font Info:    Try loading font information for U+msa on input line 35.

(/usr/local/texlive/2016/texmf-dist/tex/latex/amsfonts/umsa.fd
File: umsa.fd 2013/01/14 v3.01 AMS symbols A
)
LaTeX Font Info:    Try loading font information for U+msb on input line 35.

(/usr/local/texlive/2016/texmf-dist/tex/latex/amsfonts/umsb.fd
File: umsb.fd 2013/01/14 v3.01 AMS symbols B
)
LaTeX Font Info:    Try loading font information for T1+wesu on input line 35.

(/usr/local/texlive/2016/texmf-dist/tex/latex/schulschriften/t1wesu.fd)
[1

{/usr/local/texlive/2016/texmf-var/fonts/map/pdftex/updmap/pdftex.map}]
<example.png, id=13, 174.6525pt x 134.5025pt>
File: example.png Graphic file (type png)
 <use example.png>
Package pdftex.def Info: example.png used on input line 57.
(pdftex.def)             Requested size: 199.16928pt x 153.39188pt.

<coded_maze01.png, id=14, 229.85875pt x 204.765pt>
File: coded_maze01.png Graphic file (type png)
 <use coded_maze01.png>
Package pdftex.def Info: coded_maze01.png used on input line 68.
(pdftex.def)             Requested size: 170.71652pt x 152.0861pt.

<maze-01.png, id=16, 487.8225pt x 488.82625pt>
File: maze-01.png Graphic file (type png)
 <use maze-01.png>
Package pdftex.def Info: maze-01.png used on input line 74.
(pdftex.def)             Requested size: 170.71652pt x 171.06937pt.
 [2] [3 <./example.png (PNG copy)> <./coded_maze01.png> <./maze-01.png>]
<maze-01-1st.png, id=28, 498.86375pt x 498.86375pt>
File: maze-01-1st.png Graphic file (type png)
 <use maze-01-1st.png>
Package pdftex.def Info: maze-01-1st.png used on input line 92.
(pdftex.def)             Requested size: 170.71652pt x 170.71518pt.

<maze-01-1st-star.png, id=29, 496.85625pt x 499.8675pt>
File: maze-01-1st-star.png Graphic file (type png)

<use maze-01-1st-star.png>
Package pdftex.def Info: maze-01-1st-star.png used on input line 98.
(pdftex.def)             Requested size: 170.71652pt x 171.75275pt.
 <maze-01-2nd.png, id=30, 502.87875pt x 502.87875pt>
File: maze-01-2nd.png Graphic file (type png)

<use maze-01-2nd.png>
Package pdftex.def Info: maze-01-2nd.png used on input line 105.
(pdftex.def)             Requested size: 170.71652pt x 170.71562pt.
 <maze-01-2nd-star.png, id=31, 500.87125pt x 500.87125pt>
File: maze-01-2nd-star.png Graphic file (type png)

<use maze-01-2nd-star.png>
Package pdftex.def Info: maze-01-2nd-star.png used on input line 111.
(pdftex.def)             Requested size: 170.71652pt x 170.71431pt.
 <maze-01-3rd.png, id=32, 500.87125pt x 501.875pt>
File: maze-01-3rd.png Graphic file (type png)

<use maze-01-3rd.png>
Package pdftex.def Info: maze-01-3rd.png used on input line 117.
(pdftex.def)             Requested size: 170.71652pt x 171.05643pt.
 <maze-01-3rd-star.png, id=33, 502.87875pt x 503.8825pt>
File: maze-01-3rd-star.png Graphic file (type png)

<use maze-01-3rd-star.png>
Package pdftex.def Info: maze-01-3rd-star.png used on input line 123.
(pdftex.def)             Requested size: 170.71652pt x 171.05637pt.


LaTeX Warning: Float too large for page by 36.64822pt on input line 129.

[4] [5 <./maze-01-1st.png> <./maze-01-1st-star.png> <./maze-01-2nd.png> <./maze
-01-2nd-star.png> <./maze-01-3rd.png> <./maze-01-3rd-star.png>]
LaTeX Font Info:    Try loading font information for T1+cmtt on input line 139.


(/usr/local/texlive/2016/texmf-dist/tex/latex/base/t1cmtt.fd
File: t1cmtt.fd 2014/09/29 v2.5h Standard LaTeX font definitions
) [6]
Overfull \hbox (22.66505pt too wide) in paragraph at lines 180--180
[]\T1/cmtt/m/n/10.95 13           if a node with the same position as successor
 is in the OPEN list \[] 
 []


Overfull \hbox (33.9818pt too wide) in paragraph at lines 180--180
[]\T1/cmtt/m/n/10.95 15           if a node with the same position as successor
 is in the CLOSED list \[] 
 []

[7]
LaTeX Font Info:    Try loading font information for OMS+cmr on input line 221.

 (/usr/local/texlive/2016/texmf-dist/tex/latex/base/omscmr.fd
File: omscmr.fd 2014/09/29 v2.5h Standard LaTeX font definitions
)
LaTeX Font Info:    Font shape `OMS/cmr/m/n' in size <10.95> not available
(Font)              Font shape `OMS/cmsy/m/n' tried instead on input line 221.
 [8]
<api.png, id=58, 625.33624pt x 398.48875pt>
File: api.png Graphic file (type png)
 <use api.png>
Package pdftex.def Info: api.png used on input line 234.
(pdftex.def)             Requested size: 398.33858pt x 253.84016pt.
 [9] [10 <./api.png>]
Overfull \hbox (17.00668pt too wide) in paragraph at lines 428--428
[]\T1/cmtt/m/n/10.95 **********************************************************
*********************[] 
 []

[11] [12] [13] [14] [15]
Overfull \hbox (17.00668pt too wide) in paragraph at lines 428--428
[]\T1/cmtt/m/n/10.95 **********************************************************
*********************[] 
 []

<maze-01-dfs.png, id=86, 498.86375pt x 500.87125pt>
File: maze-01-dfs.png Graphic file (type png)
 <use maze-01-dfs.png>
Package pdftex.def Info: maze-01-dfs.png used on input line 437.
(pdftex.def)             Requested size: 170.71652pt x 171.40215pt.

<maze-01-astar-h1.png, id=87, 501.875pt x 504.88625pt>
File: maze-01-astar-h1.png Graphic file (type png)

<use maze-01-astar-h1.png>
Package pdftex.def Info: maze-01-astar-h1.png used on input line 443.
(pdftex.def)             Requested size: 170.71652pt x 171.74379pt.
 [16]
<maze-02-dfs.png, id=91, 582.175pt x 581.17125pt>
File: maze-02-dfs.png Graphic file (type png)
 <use maze-02-dfs.png>
Package pdftex.def Info: maze-02-dfs.png used on input line 455.
(pdftex.def)             Requested size: 170.71652pt x 170.41534pt.

<maze-02-astar-h1.png, id=92, 583.17876pt x 582.175pt>
File: maze-02-astar-h1.png Graphic file (type png)

<use maze-02-astar-h1.png>
Package pdftex.def Info: maze-02-astar-h1.png used on input line 461.
(pdftex.def)             Requested size: 170.71652pt x 170.41653pt.
 <maze-03-dfs.png, id=93, 658.46pt x 660.4675pt>
File: maze-03-dfs.png Graphic file (type png)

<use maze-03-dfs.png>
Package pdftex.def Info: maze-03-dfs.png used on input line 473.
(pdftex.def)             Requested size: 170.71652pt x 171.23375pt.
 <maze-03-astar-h1.png, id=94, 658.46pt x 657.45625pt>
File: maze-03-astar-h1.png Graphic file (type png)

<use maze-03-astar-h1.png>
Package pdftex.def Info: maze-03-astar-h1.png used on input line 479.
(pdftex.def)             Requested size: 170.71652pt x 170.45305pt.


LaTeX Warning: No positions in optional float specifier.
               Default added (so using `tbp') on input line 488.

[17 <./maze-01-dfs.png> <./maze-01-astar-h1.png>] [18 <./maze-02-dfs.png> <./ma
ze-02-astar-h1.png> <./maze-03-dfs.png> <./maze-03-astar-h1.png>]

LaTeX Warning: No positions in optional float specifier.
               Default added (so using `tbp') on input line 519.

File: maze-01-astar-h1.png Graphic file (type png)
<use maze-01-astar-h1.png>
Package pdftex.def Info: maze-01-astar-h1.png used on input line 541.
(pdftex.def)             Requested size: 170.71652pt x 171.74379pt.

<maze-01-astar-h2.png, id=107, 500.87125pt x 501.875pt>
File: maze-01-astar-h2.png Graphic file (type png)

<use maze-01-astar-h2.png>
Package pdftex.def Info: maze-01-astar-h2.png used on input line 547.
(pdftex.def)             Requested size: 170.71652pt x 171.05643pt.
 [19]
Underfull \hbox (badness 10000) in paragraph at lines 577--578
[]\T1/cmr/m/it/10.95 APEC Mi-cro-mouse Con-test Rules 2015\T1/cmr/m/n/10.95 , h
ttp://www.apec-conf.org/wp-
 []

[20 <./maze-01-astar-h2.png>]
Overfull \hbox (44.99347pt too wide) in paragraph at lines 579--580
[]\T1/cmr/m/n/10.95 Rajiv Er-anki, \T1/cmr/m/it/10.95 Pathfind-ing us-ing A* (A
-Star)\T1/cmr/m/n/10.95 , http://web.mit.edu/eranki/www/tutorials/search/,
 []


Underfull \hbox (badness 10000) in paragraph at lines 581--582
[]\T1/cmr/m/it/10.95 G5AIAI-- In-tro-duc-tion to Ar-ti-fi-cial In-tel-li-gence:
 Blind Searches\T1/cmr/m/n/10.95 ,
 []


Overfull \hbox (3.9356pt too wide) in paragraph at lines 581--582
\T1/cmr/m/n/10.95 http://www.cs.nott.ac.uk/ pszgxk/courses/g5aiai/003blindsearc
hes/blind_searches.htm 
 []

[21] (./capstone.aux)

LaTeX Warning: There were multiply-defined labels.

 ) 
Here is how much of TeX's memory you used:
 4805 strings out of 493014
 69298 string characters out of 6133352
 138260 words of memory out of 5000000
 8233 multiletter control sequences out of 15000+600000
 21685 words of font info for 62 fonts, out of 8000000 for 9000
 1141 hyphenation exceptions out of 8191
 38i,10n,39p,893b,501s stack positions out of 5000i,500n,10000p,200000b,80000s
{/usr/local/texlive/2016/texmf-dist/fonts/enc/dvips/cm-super/cm-super-t1.enc}
 </Users/adm/Library/texlive/2016/texmf-var/fonts/pk/ljfour/public/schulschrift
en/wesu14.514pk></usr/local/texlive/2016/texmf-dist/fonts/type1/public/amsfonts
/cm/cmbx10.pfb></usr/local/texlive/2016/texmf-dist/fonts/type1/public/amsfonts/
cm/cmex10.pfb></usr/local/texlive/2016/texmf-dist/fonts/type1/public/amsfonts/c
m/cmmi10.pfb></usr/local/texlive/2016/texmf-dist/fonts/type1/public/amsfonts/cm
/cmmi8.pfb></usr/local/texlive/2016/texmf-dist/fonts/type1/public/amsfonts/cm/c
mr10.pfb></usr/local/texlive/2016/texmf-dist/fonts/type1/public/amsfonts/cm/cmr
7.pfb></usr/local/texlive/2016/texmf-dist/fonts/type1/public/amsfonts/cm/cmr8.p
fb></usr/local/texlive/2016/texmf-dist/fonts/type1/public/amsfonts/cm/cmsy10.pf
b></usr/local/texlive/2016/texmf-dist/fonts/type1/public/cm-super/sfbx1200.pfb>
</usr/local/texlive/2016/texmf-dist/fonts/type1/public/cm-super/sfbx1440.pfb></
usr/local/texlive/2016/texmf-dist/fonts/type1/public/cm-super/sfrm1000.pfb></us
r/local/texlive/2016/texmf-dist/fonts/type1/public/cm-super/sfrm1095.pfb></usr/
local/texlive/2016/texmf-dist/fonts/type1/public/cm-super/sfrm1200.pfb></usr/lo
cal/texlive/2016/texmf-dist/fonts/type1/public/cm-super/sfrm1728.pfb></usr/loca
l/texlive/2016/texmf-dist/fonts/type1/public/cm-super/sfti1095.pfb></usr/local/
texlive/2016/texmf-dist/fonts/type1/public/cm-super/sftt1095.pfb>
Output written on capstone.pdf (21 pages, 669824 bytes).
PDF statistics:
 187 PDF objects out of 1000 (max. 8388607)
 102 compressed objects within 2 object streams
 0 named destinations out of 1000 (max. 500000)
 86 words of extra memory for PDF output out of 10000 (max. 10000000)

